2018-10-22 18:18:37,109 - ../data/log/crf/train.log - INFO - processed 33375 tokens with 1157 phrases; found: 1017 phrases; correct: 901.

2018-10-22 18:18:37,110 - ../data/log/crf/train.log - INFO - accuracy:  95.81%; precision:  88.59%; recall:  77.87%; FB1:  82.89

2018-10-22 18:18:37,110 - ../data/log/crf/train.log - INFO -           abr_org: precision:  85.06%; recall:  66.23%; FB1:  74.47  415

2018-10-22 18:18:37,110 - ../data/log/crf/train.log - INFO -              date: precision:  96.10%; recall:  93.67%; FB1:  94.87  77

2018-10-22 18:18:37,110 - ../data/log/crf/train.log - INFO -               org: precision:  90.02%; recall:  87.20%; FB1:  88.59  401

2018-10-22 18:18:37,110 - ../data/log/crf/train.log - INFO -            person: precision:  91.13%; recall:  86.26%; FB1:  88.63  124

2018-10-22 18:22:05,732 - ../data/log/crf/train.log - DEBUG -              precision    recall  f1-score   support

  B-abr_org     0.8747    0.6811    0.7658       533
  I-abr_org     0.8524    0.7204    0.7809      1620
     B-date     0.9870    0.9620    0.9744        79
     I-date     0.9904    0.9764    0.9834       636
      B-org     0.9152    0.8865    0.9006       414
      I-org     0.9501    0.9461    0.9481      4950
   B-person     0.9194    0.8702    0.8941       131
   I-person     0.9024    0.8486    0.8747       218

avg / total     0.9269    0.8829    0.9031      8581

2018-10-22 18:22:05,732 - ../data/log/crf/train.log - DEBUG -              precision    recall  f1-score   support

  B-abr_org     0.8747    0.6811    0.7658       533
  I-abr_org     0.8524    0.7204    0.7809      1620
     B-date     0.9870    0.9620    0.9744        79
     I-date     0.9904    0.9764    0.9834       636
      B-org     0.9152    0.8865    0.9006       414
      I-org     0.9501    0.9461    0.9481      4950
   B-person     0.9194    0.8702    0.8941       131
   I-person     0.9024    0.8486    0.8747       218

avg / total     0.9269    0.8829    0.9031      8581

2018-11-02 16:06:34,403 - ../data/log/crf/train.log - INFO - processed 51963 tokens with 1567 phrases; found: 1438 phrases; correct: 1287.

2018-11-02 16:06:34,404 - ../data/log/crf/train.log - INFO - accuracy:  96.46%; precision:  89.50%; recall:  82.13%; FB1:  85.66

2018-11-02 16:06:34,404 - ../data/log/crf/train.log - INFO -           abr_org: precision:  87.03%; recall:  73.46%; FB1:  79.67  563

2018-11-02 16:06:34,404 - ../data/log/crf/train.log - INFO -              date: precision: 100.00%; recall:  98.97%; FB1:  99.48  96

2018-11-02 16:06:34,404 - ../data/log/crf/train.log - INFO -               org: precision:  89.40%; recall:  88.20%; FB1:  88.79  585

2018-11-02 16:06:34,404 - ../data/log/crf/train.log - INFO -            person: precision:  91.75%; recall:  84.76%; FB1:  88.12  194

2018-11-02 16:15:23,219 - ../data/log/crf/train.log - DEBUG -              precision    recall  f1-score   support

  B-abr_org     0.8952    0.7556    0.8195       667
  I-abr_org     0.8618    0.7590    0.8071      2087
     B-date     1.0000    0.9897    0.9948        97
     I-date     0.9987    0.9886    0.9936       789
      B-org     0.9248    0.9123    0.9185       593
      I-org     0.9341    0.9548    0.9443      7382
   B-person     0.9381    0.8667    0.9010       210
   I-person     0.9221    0.8362    0.8770       354

avg / total     0.9236    0.9057    0.9136     12179

2018-11-02 16:15:23,219 - ../data/log/crf/train.log - DEBUG -              precision    recall  f1-score   support

  B-abr_org     0.8952    0.7556    0.8195       667
  I-abr_org     0.8618    0.7590    0.8071      2087
     B-date     1.0000    0.9897    0.9948        97
     I-date     0.9987    0.9886    0.9936       789
      B-org     0.9248    0.9123    0.9185       593
      I-org     0.9341    0.9548    0.9443      7382
   B-person     0.9381    0.8667    0.9010       210
   I-person     0.9221    0.8362    0.8770       354

avg / total     0.9236    0.9057    0.9136     12179

